2015/11/13 08:52:58 [error] [system.db.CDbCommand] Error in preparing SQL: SELECT * FROM persons
in C:\wamp\www\yiicrud\protected\controllers\SiteController.php (38)
in C:\wamp\www\yiicrud\index.php (13)
2015/11/13 08:52:58 [error] [system.db.CDbCommand] CDbCommand::() failed: CDbCommand failed to prepare the SQL statement: SQLSTATE[HY000]: General error: 1 no such table: persons. The SQL statement executed was: SELECT * FROM persons.
in C:\wamp\www\yiicrud\protected\controllers\SiteController.php (38)
in C:\wamp\www\yiicrud\index.php (13)
2015/11/13 08:52:58 [error] [exception.CDbException] exception 'CDbException' with message 'CDbCommand failed to execute the SQL statement: CDbCommand failed to prepare the SQL statement: SQLSTATE[HY000]: General error: 1 no such table: persons. The SQL statement executed was: SELECT * FROM persons' in C:\wamp\www\yii\framework\db\CDbCommand.php:543
Stack trace:
#0 C:\wamp\www\yii\framework\db\CDbCommand.php(377): CDbCommand->queryInternal('', 0, Array)
#1 C:\wamp\www\yiicrud\protected\controllers\SiteController.php(38): CDbCommand->query()
#2 C:\wamp\www\yii\framework\web\actions\CInlineAction.php(49): SiteController->actionIndex()
#3 C:\wamp\www\yii\framework\web\CController.php(308): CInlineAction->runWithParams(Array)
#4 C:\wamp\www\yii\framework\web\CController.php(286): CController->runAction(Object(CInlineAction))
#5 C:\wamp\www\yii\framework\web\CController.php(265): CController->runActionWithFilters(Object(CInlineAction), Array)
#6 C:\wamp\www\yii\framework\web\CWebApplication.php(282): CController->run('')
#7 C:\wamp\www\yii\framework\web\CWebApplication.php(141): CWebApplication->runController('')
#8 C:\wamp\www\yii\framework\base\CApplication.php(184): CWebApplication->processRequest()
#9 C:\wamp\www\yiicrud\index.php(13): CApplication->run()
#10 {main}
REQUEST_URI=/yiicrud/
---
2015/11/13 08:53:39 [error] [system.db.CDbCommand] Error in preparing SQL: SELECT * FROM `persons`
in C:\wamp\www\yiicrud\protected\controllers\SiteController.php (38)
in C:\wamp\www\yiicrud\index.php (13)
2015/11/13 08:53:39 [error] [system.db.CDbCommand] CDbCommand::() failed: CDbCommand failed to prepare the SQL statement: SQLSTATE[HY000]: General error: 1 no such table: persons. The SQL statement executed was: SELECT * FROM `persons`.
in C:\wamp\www\yiicrud\protected\controllers\SiteController.php (38)
in C:\wamp\www\yiicrud\index.php (13)
2015/11/13 08:53:39 [error] [exception.CDbException] exception 'CDbException' with message 'CDbCommand failed to execute the SQL statement: CDbCommand failed to prepare the SQL statement: SQLSTATE[HY000]: General error: 1 no such table: persons. The SQL statement executed was: SELECT * FROM `persons`' in C:\wamp\www\yii\framework\db\CDbCommand.php:543
Stack trace:
#0 C:\wamp\www\yii\framework\db\CDbCommand.php(377): CDbCommand->queryInternal('', 0, Array)
#1 C:\wamp\www\yiicrud\protected\controllers\SiteController.php(38): CDbCommand->query()
#2 C:\wamp\www\yii\framework\web\actions\CInlineAction.php(49): SiteController->actionIndex()
#3 C:\wamp\www\yii\framework\web\CController.php(308): CInlineAction->runWithParams(Array)
#4 C:\wamp\www\yii\framework\web\CController.php(286): CController->runAction(Object(CInlineAction))
#5 C:\wamp\www\yii\framework\web\CController.php(265): CController->runActionWithFilters(Object(CInlineAction), Array)
#6 C:\wamp\www\yii\framework\web\CWebApplication.php(282): CController->run('')
#7 C:\wamp\www\yii\framework\web\CWebApplication.php(141): CWebApplication->runController('')
#8 C:\wamp\www\yii\framework\base\CApplication.php(184): CWebApplication->processRequest()
#9 C:\wamp\www\yiicrud\index.php(13): CApplication->run()
#10 {main}
REQUEST_URI=/yiicrud/
---
2015/11/13 08:53:42 [error] [system.db.CDbCommand] Error in preparing SQL: SELECT * FROM `persons`
in C:\wamp\www\yiicrud\protected\controllers\SiteController.php (38)
in C:\wamp\www\yiicrud\index.php (13)
2015/11/13 08:53:42 [error] [system.db.CDbCommand] CDbCommand::() failed: CDbCommand failed to prepare the SQL statement: SQLSTATE[HY000]: General error: 1 no such table: persons. The SQL statement executed was: SELECT * FROM `persons`.
in C:\wamp\www\yiicrud\protected\controllers\SiteController.php (38)
in C:\wamp\www\yiicrud\index.php (13)
2015/11/13 08:53:42 [error] [exception.CDbException] exception 'CDbException' with message 'CDbCommand failed to execute the SQL statement: CDbCommand failed to prepare the SQL statement: SQLSTATE[HY000]: General error: 1 no such table: persons. The SQL statement executed was: SELECT * FROM `persons`' in C:\wamp\www\yii\framework\db\CDbCommand.php:543
Stack trace:
#0 C:\wamp\www\yii\framework\db\CDbCommand.php(377): CDbCommand->queryInternal('', 0, Array)
#1 C:\wamp\www\yiicrud\protected\controllers\SiteController.php(38): CDbCommand->query()
#2 C:\wamp\www\yii\framework\web\actions\CInlineAction.php(49): SiteController->actionIndex()
#3 C:\wamp\www\yii\framework\web\CController.php(308): CInlineAction->runWithParams(Array)
#4 C:\wamp\www\yii\framework\web\CController.php(286): CController->runAction(Object(CInlineAction))
#5 C:\wamp\www\yii\framework\web\CController.php(265): CController->runActionWithFilters(Object(CInlineAction), Array)
#6 C:\wamp\www\yii\framework\web\CWebApplication.php(282): CController->run('')
#7 C:\wamp\www\yii\framework\web\CWebApplication.php(141): CWebApplication->runController('')
#8 C:\wamp\www\yii\framework\base\CApplication.php(184): CWebApplication->processRequest()
#9 C:\wamp\www\yiicrud\index.php(13): CApplication->run()
#10 {main}
REQUEST_URI=/yiicrud/
---
2015/11/13 08:57:00 [error] [exception.CDbException] exception 'CDbException' with message 'CDbConnection failed to open the DB connection: invalid data source name' in C:\wamp\www\yii\framework\db\CDbConnection.php:399
Stack trace:
#0 C:\wamp\www\yii\framework\db\CDbConnection.php(347): CDbConnection->open()
#1 C:\wamp\www\yii\framework\base\CComponent.php(152): CDbConnection->setActive(true)
#2 C:\wamp\www\yiicrud\protected\controllers\SiteController.php(35): CComponent->__set('active', true)
#3 C:\wamp\www\yii\framework\web\actions\CInlineAction.php(49): SiteController->actionIndex()
#4 C:\wamp\www\yii\framework\web\CController.php(308): CInlineAction->runWithParams(Array)
#5 C:\wamp\www\yii\framework\web\CController.php(286): CController->runAction(Object(CInlineAction))
#6 C:\wamp\www\yii\framework\web\CController.php(265): CController->runActionWithFilters(Object(CInlineAction), Array)
#7 C:\wamp\www\yii\framework\web\CWebApplication.php(282): CController->run('')
#8 C:\wamp\www\yii\framework\web\CWebApplication.php(141): CWebApplication->runController('')
#9 C:\wamp\www\yii\framework\base\CApplication.php(184): CWebApplication->processRequest()
#10 C:\wamp\www\yiicrud\index.php(13): CApplication->run()
#11 {main}
REQUEST_URI=/yiicrud/
---
2015/11/13 08:58:08 [error] [exception.CDbException] exception 'CDbException' with message 'CDbConnection failed to open the DB connection: invalid data source name' in C:\wamp\www\yii\framework\db\CDbConnection.php:399
Stack trace:
#0 C:\wamp\www\yii\framework\db\CDbConnection.php(347): CDbConnection->open()
#1 C:\wamp\www\yii\framework\base\CComponent.php(152): CDbConnection->setActive(true)
#2 C:\wamp\www\yiicrud\protected\controllers\SiteController.php(35): CComponent->__set('active', true)
#3 C:\wamp\www\yii\framework\web\actions\CInlineAction.php(49): SiteController->actionIndex()
#4 C:\wamp\www\yii\framework\web\CController.php(308): CInlineAction->runWithParams(Array)
#5 C:\wamp\www\yii\framework\web\CController.php(286): CController->runAction(Object(CInlineAction))
#6 C:\wamp\www\yii\framework\web\CController.php(265): CController->runActionWithFilters(Object(CInlineAction), Array)
#7 C:\wamp\www\yii\framework\web\CWebApplication.php(282): CController->run('')
#8 C:\wamp\www\yii\framework\web\CWebApplication.php(141): CWebApplication->runController('')
#9 C:\wamp\www\yii\framework\base\CApplication.php(184): CWebApplication->processRequest()
#10 C:\wamp\www\yiicrud\index.php(13): CApplication->run()
#11 {main}
REQUEST_URI=/yiicrud/
---
2015/11/13 08:59:49 [error] [exception.CDbException] exception 'CDbException' with message 'CDbConnection failed to open the DB connection: invalid data source name' in C:\wamp\www\yii\framework\db\CDbConnection.php:399
Stack trace:
#0 C:\wamp\www\yii\framework\db\CDbConnection.php(347): CDbConnection->open()
#1 C:\wamp\www\yii\framework\base\CComponent.php(152): CDbConnection->setActive(true)
#2 C:\wamp\www\yiicrud\protected\controllers\SiteController.php(35): CComponent->__set('active', true)
#3 C:\wamp\www\yii\framework\web\actions\CInlineAction.php(49): SiteController->actionIndex()
#4 C:\wamp\www\yii\framework\web\CController.php(308): CInlineAction->runWithParams(Array)
#5 C:\wamp\www\yii\framework\web\CController.php(286): CController->runAction(Object(CInlineAction))
#6 C:\wamp\www\yii\framework\web\CController.php(265): CController->runActionWithFilters(Object(CInlineAction), Array)
#7 C:\wamp\www\yii\framework\web\CWebApplication.php(282): CController->run('')
#8 C:\wamp\www\yii\framework\web\CWebApplication.php(141): CWebApplication->runController('')
#9 C:\wamp\www\yii\framework\base\CApplication.php(184): CWebApplication->processRequest()
#10 C:\wamp\www\yiicrud\index.php(13): CApplication->run()
#11 {main}
REQUEST_URI=/yiicrud/
---
2015/11/13 09:01:35 [error] [system.db.CDbCommand] Error in preparing SQL: SELECT * FROM `persons`
in C:\wamp\www\yiicrud\protected\controllers\SiteController.php (39)
in C:\wamp\www\yiicrud\index.php (13)
2015/11/13 09:01:35 [error] [system.db.CDbCommand] CDbCommand::() failed: CDbCommand failed to prepare the SQL statement: SQLSTATE[HY000]: General error: 1 no such table: persons. The SQL statement executed was: SELECT * FROM `persons`.
in C:\wamp\www\yiicrud\protected\controllers\SiteController.php (39)
in C:\wamp\www\yiicrud\index.php (13)
2015/11/13 09:01:35 [error] [exception.CDbException] exception 'CDbException' with message 'CDbCommand failed to execute the SQL statement: CDbCommand failed to prepare the SQL statement: SQLSTATE[HY000]: General error: 1 no such table: persons. The SQL statement executed was: SELECT * FROM `persons`' in C:\wamp\www\yii\framework\db\CDbCommand.php:543
Stack trace:
#0 C:\wamp\www\yii\framework\db\CDbCommand.php(377): CDbCommand->queryInternal('', 0, Array)
#1 C:\wamp\www\yiicrud\protected\controllers\SiteController.php(39): CDbCommand->query()
#2 C:\wamp\www\yii\framework\web\actions\CInlineAction.php(49): SiteController->actionIndex()
#3 C:\wamp\www\yii\framework\web\CController.php(308): CInlineAction->runWithParams(Array)
#4 C:\wamp\www\yii\framework\web\CController.php(286): CController->runAction(Object(CInlineAction))
#5 C:\wamp\www\yii\framework\web\CController.php(265): CController->runActionWithFilters(Object(CInlineAction), Array)
#6 C:\wamp\www\yii\framework\web\CWebApplication.php(282): CController->run('')
#7 C:\wamp\www\yii\framework\web\CWebApplication.php(141): CWebApplication->runController('')
#8 C:\wamp\www\yii\framework\base\CApplication.php(184): CWebApplication->processRequest()
#9 C:\wamp\www\yiicrud\index.php(13): CApplication->run()
#10 {main}
REQUEST_URI=/yiicrud/
---
2015/11/13 09:01:48 [error] [php] Undefined variable: sql (C:\wamp\www\yiicrud\protected\controllers\SiteController.php:36)
Stack trace:
#0 C:\wamp\www\yii\framework\web\CController.php(286): SiteController->runAction()
#1 C:\wamp\www\yii\framework\web\CController.php(265): SiteController->runActionWithFilters()
#2 C:\wamp\www\yii\framework\web\CWebApplication.php(282): SiteController->run()
#3 C:\wamp\www\yii\framework\web\CWebApplication.php(141): CWebApplication->runController()
#4 C:\wamp\www\yii\framework\base\CApplication.php(184): CWebApplication->processRequest()
#5 C:\wamp\www\yiicrud\index.php(13): CWebApplication->run()
REQUEST_URI=/yiicrud/
in C:\wamp\www\yiicrud\protected\controllers\SiteController.php (36)
in C:\wamp\www\yiicrud\index.php (13)
2015/11/13 09:02:46 [error] [system.db.CDbCommand] Error in preparing SQL: SELECT * FROM `persons`
in C:\wamp\www\yiicrud\protected\controllers\SiteController.php (39)
in C:\wamp\www\yiicrud\index.php (13)
2015/11/13 09:02:46 [error] [system.db.CDbCommand] CDbCommand::() failed: CDbCommand failed to prepare the SQL statement: SQLSTATE[HY000]: General error: 1 no such table: persons. The SQL statement executed was: SELECT * FROM `persons`.
in C:\wamp\www\yiicrud\protected\controllers\SiteController.php (39)
in C:\wamp\www\yiicrud\index.php (13)
2015/11/13 09:02:46 [error] [exception.CDbException] exception 'CDbException' with message 'CDbCommand failed to execute the SQL statement: CDbCommand failed to prepare the SQL statement: SQLSTATE[HY000]: General error: 1 no such table: persons. The SQL statement executed was: SELECT * FROM `persons`' in C:\wamp\www\yii\framework\db\CDbCommand.php:543
Stack trace:
#0 C:\wamp\www\yii\framework\db\CDbCommand.php(377): CDbCommand->queryInternal('', 0, Array)
#1 C:\wamp\www\yiicrud\protected\controllers\SiteController.php(39): CDbCommand->query()
#2 C:\wamp\www\yii\framework\web\actions\CInlineAction.php(49): SiteController->actionIndex()
#3 C:\wamp\www\yii\framework\web\CController.php(308): CInlineAction->runWithParams(Array)
#4 C:\wamp\www\yii\framework\web\CController.php(286): CController->runAction(Object(CInlineAction))
#5 C:\wamp\www\yii\framework\web\CController.php(265): CController->runActionWithFilters(Object(CInlineAction), Array)
#6 C:\wamp\www\yii\framework\web\CWebApplication.php(282): CController->run('')
#7 C:\wamp\www\yii\framework\web\CWebApplication.php(141): CWebApplication->runController('')
#8 C:\wamp\www\yii\framework\base\CApplication.php(184): CWebApplication->processRequest()
#9 C:\wamp\www\yiicrud\index.php(13): CApplication->run()
#10 {main}
REQUEST_URI=/yiicrud/
---
2015/11/13 09:03:12 [error] [system.db.CDbCommand] Error in preparing SQL: SELECT * FROM persons
in C:\wamp\www\yiicrud\protected\controllers\SiteController.php (39)
in C:\wamp\www\yiicrud\index.php (13)
2015/11/13 09:03:12 [error] [system.db.CDbCommand] CDbCommand::() failed: CDbCommand failed to prepare the SQL statement: SQLSTATE[HY000]: General error: 1 no such table: persons. The SQL statement executed was: SELECT * FROM persons.
in C:\wamp\www\yiicrud\protected\controllers\SiteController.php (39)
in C:\wamp\www\yiicrud\index.php (13)
2015/11/13 09:03:12 [error] [exception.CDbException] exception 'CDbException' with message 'CDbCommand failed to execute the SQL statement: CDbCommand failed to prepare the SQL statement: SQLSTATE[HY000]: General error: 1 no such table: persons. The SQL statement executed was: SELECT * FROM persons' in C:\wamp\www\yii\framework\db\CDbCommand.php:543
Stack trace:
#0 C:\wamp\www\yii\framework\db\CDbCommand.php(377): CDbCommand->queryInternal('', 0, Array)
#1 C:\wamp\www\yiicrud\protected\controllers\SiteController.php(39): CDbCommand->query()
#2 C:\wamp\www\yii\framework\web\actions\CInlineAction.php(49): SiteController->actionIndex()
#3 C:\wamp\www\yii\framework\web\CController.php(308): CInlineAction->runWithParams(Array)
#4 C:\wamp\www\yii\framework\web\CController.php(286): CController->runAction(Object(CInlineAction))
#5 C:\wamp\www\yii\framework\web\CController.php(265): CController->runActionWithFilters(Object(CInlineAction), Array)
#6 C:\wamp\www\yii\framework\web\CWebApplication.php(282): CController->run('')
#7 C:\wamp\www\yii\framework\web\CWebApplication.php(141): CWebApplication->runController('')
#8 C:\wamp\www\yii\framework\base\CApplication.php(184): CWebApplication->processRequest()
#9 C:\wamp\www\yiicrud\index.php(13): CApplication->run()
#10 {main}
REQUEST_URI=/yiicrud/
---
2015/11/13 09:11:58 [error] [exception.CHttpException.404] exception 'CHttpException' with message 'Unable to resolve the request "gii".' in C:\wamp\www\yii\framework\web\CWebApplication.php:286
Stack trace:
#0 C:\wamp\www\yii\framework\web\CWebApplication.php(141): CWebApplication->runController('gii')
#1 C:\wamp\www\yii\framework\base\CApplication.php(184): CWebApplication->processRequest()
#2 C:\wamp\www\yiicrud\index.php(13): CApplication->run()
#3 {main}
REQUEST_URI=/yiicrud/?r=gii
---
2015/11/13 09:12:22 [error] [exception.CHttpException.404] exception 'CHttpException' with message 'Unable to resolve the request "gii".' in C:\wamp\www\yii\framework\web\CWebApplication.php:286
Stack trace:
#0 C:\wamp\www\yii\framework\web\CWebApplication.php(141): CWebApplication->runController('gii')
#1 C:\wamp\www\yii\framework\base\CApplication.php(184): CWebApplication->processRequest()
#2 C:\wamp\www\yiicrud\index.php(13): CApplication->run()
#3 {main}
REQUEST_URI=/yiicrud/?r=gii
---
2015/11/13 09:12:28 [error] [exception.CHttpException.404] exception 'CHttpException' with message 'Unable to resolve the request "gii".' in C:\wamp\www\yii\framework\web\CWebApplication.php:286
Stack trace:
#0 C:\wamp\www\yii\framework\web\CWebApplication.php(141): CWebApplication->runController('gii')
#1 C:\wamp\www\yii\framework\base\CApplication.php(184): CWebApplication->processRequest()
#2 C:\wamp\www\yiicrud\index.php(13): CApplication->run()
#3 {main}
REQUEST_URI=/yiicrud/?r=gii
---
2015/11/13 09:12:35 [error] [exception.CHttpException.404] exception 'CHttpException' with message 'Unable to resolve the request "gii".' in C:\wamp\www\yii\framework\web\CWebApplication.php:286
Stack trace:
#0 C:\wamp\www\yii\framework\web\CWebApplication.php(141): CWebApplication->runController('gii')
#1 C:\wamp\www\yii\framework\base\CApplication.php(184): CWebApplication->processRequest()
#2 C:\wamp\www\yiicrud\index.php(13): CApplication->run()
#3 {main}
REQUEST_URI=/yiicrud/?r=gii
---
2015/11/13 09:12:41 [error] [exception.CHttpException.404] exception 'CHttpException' with message 'Unable to resolve the request "gii".' in C:\wamp\www\yii\framework\web\CWebApplication.php:286
Stack trace:
#0 C:\wamp\www\yii\framework\web\CWebApplication.php(141): CWebApplication->runController('gii')
#1 C:\wamp\www\yii\framework\base\CApplication.php(184): CWebApplication->processRequest()
#2 C:\wamp\www\yiicrud\index.php(13): CApplication->run()
#3 {main}
REQUEST_URI=/yiicrud/?r=gii
---
2015/11/13 09:13:18 [error] [exception.CHttpException.404] exception 'CHttpException' with message 'Unable to resolve the request "gii".' in C:\wamp\www\yii\framework\web\CWebApplication.php:286
Stack trace:
#0 C:\wamp\www\yii\framework\web\CWebApplication.php(141): CWebApplication->runController('gii')
#1 C:\wamp\www\yii\framework\base\CApplication.php(184): CWebApplication->processRequest()
#2 C:\wamp\www\yiicrud\index.php(13): CApplication->run()
#3 {main}
REQUEST_URI=/yiicrud/?r=gii
---
2015/11/13 09:22:10 [error] [exception.CHttpException.404] exception 'CHttpException' with message 'Unable to resolve the request "gii".' in C:\wamp\www\yii\framework\web\CWebApplication.php:286
Stack trace:
#0 C:\wamp\www\yii\framework\web\CWebApplication.php(141): CWebApplication->runController('gii')
#1 C:\wamp\www\yii\framework\base\CApplication.php(184): CWebApplication->processRequest()
#2 C:\wamp\www\yiicrud\index.php(13): CApplication->run()
#3 {main}
REQUEST_URI=/yiicrud/index.php?r=gii
---
2015/11/13 09:24:29 [error] [exception.CHttpException.404] exception 'CHttpException' with message 'Unable to resolve the request "gii/default/login".' in C:\wamp\www\yii\framework\web\CWebApplication.php:286
Stack trace:
#0 C:\wamp\www\yii\framework\web\CWebApplication.php(141): CWebApplication->runController('gii/default/log...')
#1 C:\wamp\www\yii\framework\base\CApplication.php(184): CWebApplication->processRequest()
#2 C:\wamp\www\yiicrud\index.php(13): CApplication->run()
#3 {main}
REQUEST_URI=/yiicrud/index.php?r=gii/default/login
---
2015/11/13 09:49:09 [error] [system.db.CDbCommand] CDbCommand::fetchAll() failed: SQLSTATE[3D000]: Invalid catalog name: 1046 No database selected. The SQL statement executed was: SHOW TABLES.
in C:\wamp\www\yiicrud\protected\controllers\SiteController.php (36)
in C:\wamp\www\yiicrud\index.php (13)
2015/11/13 09:49:09 [error] [exception.CDbException] exception 'CDbException' with message 'CDbCommand failed to execute the SQL statement: SQLSTATE[3D000]: Invalid catalog name: 1046 No database selected. The SQL statement executed was: SHOW TABLES' in C:\wamp\www\yii\framework\db\CDbCommand.php:543
Stack trace:
#0 C:\wamp\www\yii\framework\db\CDbCommand.php(455): CDbCommand->queryInternal('fetchAll', Array, Array)
#1 C:\wamp\www\yii\framework\db\schema\mysql\CMysqlSchema.php(261): CDbCommand->queryColumn()
#2 C:\wamp\www\yii\framework\db\schema\CDbSchema.php(139): CMysqlSchema->findTableNames('')
#3 C:\wamp\www\yii\framework\db\schema\CDbSchema.php(122): CDbSchema->getTableNames('')
#4 C:\wamp\www\yiicrud\protected\controllers\SiteController.php(36): CDbSchema->getTables()
#5 C:\wamp\www\yii\framework\web\actions\CInlineAction.php(49): SiteController->actionIndex()
#6 C:\wamp\www\yii\framework\web\CController.php(308): CInlineAction->runWithParams(Array)
#7 C:\wamp\www\yii\framework\web\CController.php(286): CController->runAction(Object(CInlineAction))
#8 C:\wamp\www\yii\framework\web\CController.php(265): CController->runActionWithFilters(Object(CInlineAction), Array)
#9 C:\wamp\www\yii\framework\web\CWebApplication.php(282): CController->run('')
#10 C:\wamp\www\yii\framework\web\CWebApplication.php(141): CWebApplication->runController('')
#11 C:\wamp\www\yii\framework\base\CApplication.php(184): CWebApplication->processRequest()
#12 C:\wamp\www\yiicrud\index.php(13): CApplication->run()
#13 {main}
REQUEST_URI=/yiicrud/index.php
---
2015/11/13 09:50:32 [error] [php] Trying to get property of non-object (C:\wamp\www\yiicrud\protected\controllers\SiteController.php:41)
Stack trace:
#0 C:\wamp\www\yii\framework\web\CController.php(286): SiteController->runAction()
#1 C:\wamp\www\yii\framework\web\CController.php(265): SiteController->runActionWithFilters()
#2 C:\wamp\www\yii\framework\web\CWebApplication.php(282): SiteController->run()
#3 C:\wamp\www\yii\framework\web\CWebApplication.php(141): CWebApplication->runController()
#4 C:\wamp\www\yii\framework\base\CApplication.php(184): CWebApplication->processRequest()
#5 C:\wamp\www\yiicrud\index.php(13): CWebApplication->run()
REQUEST_URI=/yiicrud/index.php
in C:\wamp\www\yiicrud\protected\controllers\SiteController.php (41)
in C:\wamp\www\yiicrud\index.php (13)
2015/11/13 09:50:38 [error] [php] Trying to get property of non-object (C:\wamp\www\yiicrud\protected\controllers\SiteController.php:41)
Stack trace:
#0 C:\wamp\www\yii\framework\web\CController.php(286): SiteController->runAction()
#1 C:\wamp\www\yii\framework\web\CController.php(265): SiteController->runActionWithFilters()
#2 C:\wamp\www\yii\framework\web\CWebApplication.php(282): SiteController->run()
#3 C:\wamp\www\yii\framework\web\CWebApplication.php(141): CWebApplication->runController()
#4 C:\wamp\www\yii\framework\base\CApplication.php(184): CWebApplication->processRequest()
#5 C:\wamp\www\yiicrud\index.php(13): CWebApplication->run()
REQUEST_URI=/yiicrud/
in C:\wamp\www\yiicrud\protected\controllers\SiteController.php (41)
in C:\wamp\www\yiicrud\index.php (13)
2015/11/13 09:50:40 [error] [php] Trying to get property of non-object (C:\wamp\www\yiicrud\protected\controllers\SiteController.php:41)
Stack trace:
#0 C:\wamp\www\yii\framework\web\CController.php(286): SiteController->runAction()
#1 C:\wamp\www\yii\framework\web\CController.php(265): SiteController->runActionWithFilters()
#2 C:\wamp\www\yii\framework\web\CWebApplication.php(282): SiteController->run()
#3 C:\wamp\www\yii\framework\web\CWebApplication.php(141): CWebApplication->runController()
#4 C:\wamp\www\yii\framework\base\CApplication.php(184): CWebApplication->processRequest()
#5 C:\wamp\www\yiicrud\index.php(13): CWebApplication->run()
REQUEST_URI=/yiicrud/index.php
in C:\wamp\www\yiicrud\protected\controllers\SiteController.php (41)
in C:\wamp\www\yiicrud\index.php (13)
2015/11/13 09:50:41 [error] [php] Trying to get property of non-object (C:\wamp\www\yiicrud\protected\controllers\SiteController.php:41)
Stack trace:
#0 C:\wamp\www\yii\framework\web\CController.php(286): SiteController->runAction()
#1 C:\wamp\www\yii\framework\web\CController.php(265): SiteController->runActionWithFilters()
#2 C:\wamp\www\yii\framework\web\CWebApplication.php(282): SiteController->run()
#3 C:\wamp\www\yii\framework\web\CWebApplication.php(141): CWebApplication->runController()
#4 C:\wamp\www\yii\framework\base\CApplication.php(184): CWebApplication->processRequest()
#5 C:\wamp\www\yiicrud\index.php(13): CWebApplication->run()
REQUEST_URI=/yiicrud/index.php?r=site/index
in C:\wamp\www\yiicrud\protected\controllers\SiteController.php (41)
in C:\wamp\www\yiicrud\index.php (13)
2015/11/13 09:50:43 [error] [php] Trying to get property of non-object (C:\wamp\www\yiicrud\protected\controllers\SiteController.php:41)
Stack trace:
#0 C:\wamp\www\yii\framework\web\CController.php(286): SiteController->runAction()
#1 C:\wamp\www\yii\framework\web\CController.php(265): SiteController->runActionWithFilters()
#2 C:\wamp\www\yii\framework\web\CWebApplication.php(282): SiteController->run()
#3 C:\wamp\www\yii\framework\web\CWebApplication.php(141): CWebApplication->runController()
#4 C:\wamp\www\yii\framework\base\CApplication.php(184): CWebApplication->processRequest()
#5 C:\wamp\www\yiicrud\index.php(13): CWebApplication->run()
REQUEST_URI=/yiicrud/index.php?r=site/index
in C:\wamp\www\yiicrud\protected\controllers\SiteController.php (41)
in C:\wamp\www\yiicrud\index.php (13)
2015/11/13 09:50:58 [error] [php] Trying to get property of non-object (C:\wamp\www\yiicrud\protected\controllers\SiteController.php:41)
Stack trace:
#0 C:\wamp\www\yii\framework\web\CController.php(286): SiteController->runAction()
#1 C:\wamp\www\yii\framework\web\CController.php(265): SiteController->runActionWithFilters()
#2 C:\wamp\www\yii\framework\web\CWebApplication.php(282): SiteController->run()
#3 C:\wamp\www\yii\framework\web\CWebApplication.php(141): CWebApplication->runController()
#4 C:\wamp\www\yii\framework\base\CApplication.php(184): CWebApplication->processRequest()
#5 C:\wamp\www\yiicrud\index.php(13): CWebApplication->run()
REQUEST_URI=/yiicrud/index.php?r=site/index
in C:\wamp\www\yiicrud\protected\controllers\SiteController.php (41)
in C:\wamp\www\yiicrud\index.php (13)
2015/11/13 09:50:58 [error] [php] Trying to get property of non-object (C:\wamp\www\yiicrud\protected\controllers\SiteController.php:41)
Stack trace:
#0 C:\wamp\www\yii\framework\web\CController.php(286): SiteController->runAction()
#1 C:\wamp\www\yii\framework\web\CController.php(265): SiteController->runActionWithFilters()
#2 C:\wamp\www\yii\framework\web\CWebApplication.php(282): SiteController->run()
#3 C:\wamp\www\yii\framework\web\CWebApplication.php(141): CWebApplication->runController()
#4 C:\wamp\www\yii\framework\base\CApplication.php(184): CWebApplication->processRequest()
#5 C:\wamp\www\yiicrud\index.php(13): CWebApplication->run()
REQUEST_URI=/yiicrud/index.php?r=site/index
in C:\wamp\www\yiicrud\protected\controllers\SiteController.php (41)
in C:\wamp\www\yiicrud\index.php (13)
2015/11/13 09:50:58 [error] [php] Trying to get property of non-object (C:\wamp\www\yiicrud\protected\controllers\SiteController.php:41)
Stack trace:
#0 C:\wamp\www\yii\framework\web\CController.php(286): SiteController->runAction()
#1 C:\wamp\www\yii\framework\web\CController.php(265): SiteController->runActionWithFilters()
#2 C:\wamp\www\yii\framework\web\CWebApplication.php(282): SiteController->run()
#3 C:\wamp\www\yii\framework\web\CWebApplication.php(141): CWebApplication->runController()
#4 C:\wamp\www\yii\framework\base\CApplication.php(184): CWebApplication->processRequest()
#5 C:\wamp\www\yiicrud\index.php(13): CWebApplication->run()
REQUEST_URI=/yiicrud/index.php?r=site/index
in C:\wamp\www\yiicrud\protected\controllers\SiteController.php (41)
in C:\wamp\www\yiicrud\index.php (13)
2015/11/13 09:51:02 [error] [php] Trying to get property of non-object (C:\wamp\www\yiicrud\protected\controllers\SiteController.php:41)
Stack trace:
#0 C:\wamp\www\yii\framework\web\CController.php(286): SiteController->runAction()
#1 C:\wamp\www\yii\framework\web\CController.php(265): SiteController->runActionWithFilters()
#2 C:\wamp\www\yii\framework\web\CWebApplication.php(282): SiteController->run()
#3 C:\wamp\www\yii\framework\web\CWebApplication.php(141): CWebApplication->runController()
#4 C:\wamp\www\yii\framework\base\CApplication.php(184): CWebApplication->processRequest()
#5 C:\wamp\www\yiicrud\index.php(13): CWebApplication->run()
REQUEST_URI=/yiicrud/index.php?r=site/index
in C:\wamp\www\yiicrud\protected\controllers\SiteController.php (41)
in C:\wamp\www\yiicrud\index.php (13)
2015/11/13 09:51:16 [error] [php] Array to string conversion (C:\wamp\www\yiicrud\protected\controllers\SiteController.php:41)
Stack trace:
#0 C:\wamp\www\yii\framework\web\CController.php(286): SiteController->runAction()
#1 C:\wamp\www\yii\framework\web\CController.php(265): SiteController->runActionWithFilters()
#2 C:\wamp\www\yii\framework\web\CWebApplication.php(282): SiteController->run()
#3 C:\wamp\www\yii\framework\web\CWebApplication.php(141): CWebApplication->runController()
#4 C:\wamp\www\yii\framework\base\CApplication.php(184): CWebApplication->processRequest()
#5 C:\wamp\www\yiicrud\index.php(13): CWebApplication->run()
REQUEST_URI=/yiicrud/index.php?r=site/index
in C:\wamp\www\yiicrud\protected\controllers\SiteController.php (41)
in C:\wamp\www\yiicrud\index.php (13)
2015/11/13 09:53:00 [error] [php] Use of undefined constant dataReader - assumed 'dataReader' (C:\wamp\www\yiicrud\protected\controllers\SiteController.php:41)
Stack trace:
#0 C:\wamp\www\yii\framework\web\CController.php(286): SiteController->runAction()
#1 C:\wamp\www\yii\framework\web\CController.php(265): SiteController->runActionWithFilters()
#2 C:\wamp\www\yii\framework\web\CWebApplication.php(282): SiteController->run()
#3 C:\wamp\www\yii\framework\web\CWebApplication.php(141): CWebApplication->runController()
#4 C:\wamp\www\yii\framework\base\CApplication.php(184): CWebApplication->processRequest()
#5 C:\wamp\www\yiicrud\index.php(13): CWebApplication->run()
REQUEST_URI=/yiicrud/index.php?r=site/index
in C:\wamp\www\yiicrud\protected\controllers\SiteController.php (41)
in C:\wamp\www\yiicrud\index.php (13)
2015/11/13 09:53:06 [error] [php] Array to string conversion (C:\wamp\www\yiicrud\protected\controllers\SiteController.php:41)
Stack trace:
#0 C:\wamp\www\yii\framework\web\CController.php(286): SiteController->runAction()
#1 C:\wamp\www\yii\framework\web\CController.php(265): SiteController->runActionWithFilters()
#2 C:\wamp\www\yii\framework\web\CWebApplication.php(282): SiteController->run()
#3 C:\wamp\www\yii\framework\web\CWebApplication.php(141): CWebApplication->runController()
#4 C:\wamp\www\yii\framework\base\CApplication.php(184): CWebApplication->processRequest()
#5 C:\wamp\www\yiicrud\index.php(13): CWebApplication->run()
REQUEST_URI=/yiicrud/index.php?r=site/index
in C:\wamp\www\yiicrud\protected\controllers\SiteController.php (41)
in C:\wamp\www\yiicrud\index.php (13)
2015/11/13 09:54:41 [error] [php] Trying to get property of non-object (C:\wamp\www\yiicrud\protected\controllers\SiteController.php:41)
Stack trace:
#0 C:\wamp\www\yii\framework\web\CController.php(286): SiteController->runAction()
#1 C:\wamp\www\yii\framework\web\CController.php(265): SiteController->runActionWithFilters()
#2 C:\wamp\www\yii\framework\web\CWebApplication.php(282): SiteController->run()
#3 C:\wamp\www\yii\framework\web\CWebApplication.php(141): CWebApplication->runController()
#4 C:\wamp\www\yii\framework\base\CApplication.php(184): CWebApplication->processRequest()
#5 C:\wamp\www\yiicrud\index.php(13): CWebApplication->run()
REQUEST_URI=/yiicrud/index.php?r=site/index
in C:\wamp\www\yiicrud\protected\controllers\SiteController.php (41)
in C:\wamp\www\yiicrud\index.php (13)
2015/11/13 09:55:01 [error] [php] Undefined offset: 0 (C:\wamp\www\yiicrud\protected\controllers\SiteController.php:41)
Stack trace:
#0 C:\wamp\www\yii\framework\web\CController.php(286): SiteController->runAction()
#1 C:\wamp\www\yii\framework\web\CController.php(265): SiteController->runActionWithFilters()
#2 C:\wamp\www\yii\framework\web\CWebApplication.php(282): SiteController->run()
#3 C:\wamp\www\yii\framework\web\CWebApplication.php(141): CWebApplication->runController()
#4 C:\wamp\www\yii\framework\base\CApplication.php(184): CWebApplication->processRequest()
#5 C:\wamp\www\yiicrud\index.php(13): CWebApplication->run()
REQUEST_URI=/yiicrud/index.php?r=site/index
in C:\wamp\www\yiicrud\protected\controllers\SiteController.php (41)
in C:\wamp\www\yiicrud\index.php (13)
2015/11/13 09:58:38 [error] [php] Trying to get property of non-object (C:\wamp\www\yiicrud\protected\controllers\SiteController.php:41)
Stack trace:
#0 C:\wamp\www\yii\framework\web\CController.php(286): SiteController->runAction()
#1 C:\wamp\www\yii\framework\web\CController.php(265): SiteController->runActionWithFilters()
#2 C:\wamp\www\yii\framework\web\CWebApplication.php(282): SiteController->run()
#3 C:\wamp\www\yii\framework\web\CWebApplication.php(141): CWebApplication->runController()
#4 C:\wamp\www\yii\framework\base\CApplication.php(184): CWebApplication->processRequest()
#5 C:\wamp\www\yiicrud\index.php(13): CWebApplication->run()
REQUEST_URI=/yiicrud/index.php?r=site/index
in C:\wamp\www\yiicrud\protected\controllers\SiteController.php (41)
in C:\wamp\www\yiicrud\index.php (13)
2015/11/13 10:03:37 [error] [exception.CDbException] exception 'CDbException' with message 'CDbDataReader cannot rewind. It is a forward-only reader.' in C:\wamp\www\yii\framework\db\CDbDataReader.php:203
Stack trace:
#0 C:\wamp\www\yiicrud\protected\views\site\index.php(18): CDbDataReader->rewind()
#1 C:\wamp\www\yii\framework\web\CBaseController.php(126): require('C:\\wamp\\www\\yii...')
#2 C:\wamp\www\yii\framework\web\CBaseController.php(95): CBaseController->renderInternal('C:\\wamp\\www\\yii...', Array, true)
#3 C:\wamp\www\yii\framework\web\CController.php(869): CBaseController->renderFile('C:\\wamp\\www\\yii...', Array, true)
#4 C:\wamp\www\yii\framework\web\CController.php(782): CController->renderPartial('index', Array, true)
#5 C:\wamp\www\yiicrud\protected\controllers\SiteController.php(45): CController->render('index', Array)
#6 C:\wamp\www\yii\framework\web\actions\CInlineAction.php(49): SiteController->actionIndex()
#7 C:\wamp\www\yii\framework\web\CController.php(308): CInlineAction->runWithParams(Array)
#8 C:\wamp\www\yii\framework\web\CController.php(286): CController->runAction(Object(CInlineAction))
#9 C:\wamp\www\yii\framework\web\CController.php(265): CController->runActionWithFilters(Object(CInlineAction), Array)
#10 C:\wamp\www\yii\framework\web\CWebApplication.php(282): CController->run('index')
#11 C:\wamp\www\yii\framework\web\CWebApplication.php(141): CWebApplication->runController('site/index')
#12 C:\wamp\www\yii\framework\base\CApplication.php(184): CWebApplication->processRequest()
#13 C:\wamp\www\yiicrud\index.php(13): CApplication->run()
#14 {main}
REQUEST_URI=/yiicrud/index.php?r=site/index
HTTP_REFERER=http://localhost:8080/yiicrud/index.php?r=site/page&view=about
---
2015/11/13 10:13:14 [error] [exception.CException] exception 'CException' with message 'CDbDataReader and its behaviors do not have a method or closure named "excecute".' in C:\wamp\www\yii\framework\base\CComponent.php:266
Stack trace:
#0 C:\wamp\www\yiicrud\protected\controllers\SiteController.php(39): CComponent->__call('excecute', Array)
#1 C:\wamp\www\yiicrud\protected\controllers\SiteController.php(39): CDbDataReader->excecute()
#2 C:\wamp\www\yii\framework\web\actions\CInlineAction.php(49): SiteController->actionIndex()
#3 C:\wamp\www\yii\framework\web\CController.php(308): CInlineAction->runWithParams(Array)
#4 C:\wamp\www\yii\framework\web\CController.php(286): CController->runAction(Object(CInlineAction))
#5 C:\wamp\www\yii\framework\web\CController.php(265): CController->runActionWithFilters(Object(CInlineAction), Array)
#6 C:\wamp\www\yii\framework\web\CWebApplication.php(282): CController->run('index')
#7 C:\wamp\www\yii\framework\web\CWebApplication.php(141): CWebApplication->runController('site/index')
#8 C:\wamp\www\yii\framework\base\CApplication.php(184): CWebApplication->processRequest()
#9 C:\wamp\www\yiicrud\index.php(13): CApplication->run()
#10 {main}
REQUEST_URI=/yiicrud/index.php?r=site/index
HTTP_REFERER=http://localhost:8080/yiicrud/index.php?r=site/page&view=about
---
2015/11/13 10:19:15 [error] [exception.CHttpException.404] exception 'CHttpException' with message 'Unable to resolve the request "gii/index".' in C:\wamp\www\yii\framework\web\CWebApplication.php:286
Stack trace:
#0 C:\wamp\www\yii\framework\web\CWebApplication.php(141): CWebApplication->runController('gii/index')
#1 C:\wamp\www\yii\framework\base\CApplication.php(184): CWebApplication->processRequest()
#2 C:\wamp\www\yiicrud\index.php(13): CApplication->run()
#3 {main}
REQUEST_URI=/yiicrud/index.php?r=gii/index
---
2015/11/13 10:22:31 [error] [exception.CHttpException.404] exception 'CHttpException' with message 'The system is unable to find the requested action "create".' in C:\wamp\www\yii\framework\web\CController.php:483
Stack trace:
#0 C:\wamp\www\yii\framework\web\CController.php(270): CController->missingAction('create')
#1 C:\wamp\www\yii\framework\web\CWebApplication.php(282): CController->run('create')
#2 C:\wamp\www\yii\framework\web\CWebApplication.php(141): CWebApplication->runController('persons/create')
#3 C:\wamp\www\yii\framework\base\CApplication.php(184): CWebApplication->processRequest()
#4 C:\wamp\www\yiicrud\index.php(13): CApplication->run()
#5 {main}
REQUEST_URI=/yiicrud/index.php?r=persons/create
---
2015/11/13 10:23:56 [error] [exception.CHttpException.404] exception 'CHttpException' with message 'The system is unable to find the requested action "create".' in C:\wamp\www\yii\framework\web\CController.php:483
Stack trace:
#0 C:\wamp\www\yii\framework\web\CController.php(270): CController->missingAction('create')
#1 C:\wamp\www\yii\framework\web\CWebApplication.php(282): CController->run('create')
#2 C:\wamp\www\yii\framework\web\CWebApplication.php(141): CWebApplication->runController('persons/create')
#3 C:\wamp\www\yii\framework\base\CApplication.php(184): CWebApplication->processRequest()
#4 C:\wamp\www\yiicrud\index.php(13): CApplication->run()
#5 {main}
REQUEST_URI=/yiicrud/index.php?r=persons/create
---
2015/11/13 10:24:02 [error] [exception.CHttpException.404] exception 'CHttpException' with message 'The system is unable to find the requested action "create.php".' in C:\wamp\www\yii\framework\web\CController.php:483
Stack trace:
#0 C:\wamp\www\yii\framework\web\CController.php(270): CController->missingAction('create.php')
#1 C:\wamp\www\yii\framework\web\CWebApplication.php(282): CController->run('create.php')
#2 C:\wamp\www\yii\framework\web\CWebApplication.php(141): CWebApplication->runController('persons/create....')
#3 C:\wamp\www\yii\framework\base\CApplication.php(184): CWebApplication->processRequest()
#4 C:\wamp\www\yiicrud\index.php(13): CApplication->run()
#5 {main}
REQUEST_URI=/yiicrud/index.php?r=persons/create.php
---
2015/11/13 10:24:05 [error] [exception.CHttpException.404] exception 'CHttpException' with message 'The system is unable to find the requested action "create".' in C:\wamp\www\yii\framework\web\CController.php:483
Stack trace:
#0 C:\wamp\www\yii\framework\web\CController.php(270): CController->missingAction('create')
#1 C:\wamp\www\yii\framework\web\CWebApplication.php(282): CController->run('create')
#2 C:\wamp\www\yii\framework\web\CWebApplication.php(141): CWebApplication->runController('persons/create')
#3 C:\wamp\www\yii\framework\base\CApplication.php(184): CWebApplication->processRequest()
#4 C:\wamp\www\yiicrud\index.php(13): CApplication->run()
#5 {main}
REQUEST_URI=/yiicrud/index.php?r=persons/create
---
2015/11/13 10:26:54 [error] [exception.CHttpException.404] exception 'CHttpException' with message 'The system is unable to find the requested action "update".' in C:\wamp\www\yii\framework\web\CController.php:483
Stack trace:
#0 C:\wamp\www\yii\framework\web\CController.php(270): CController->missingAction('update')
#1 C:\wamp\www\yii\framework\web\CWebApplication.php(282): CController->run('update')
#2 C:\wamp\www\yii\framework\web\CWebApplication.php(141): CWebApplication->runController('persons/update')
#3 C:\wamp\www\yii\framework\base\CApplication.php(184): CWebApplication->processRequest()
#4 C:\wamp\www\yiicrud\index.php(13): CApplication->run()
#5 {main}
REQUEST_URI=/yiicrud/index.php?r=persons/update
---
2015/11/13 10:27:06 [error] [exception.CHttpException.404] exception 'CHttpException' with message 'The system is unable to find the requested action "Create".' in C:\wamp\www\yii\framework\web\CController.php:483
Stack trace:
#0 C:\wamp\www\yii\framework\web\CController.php(270): CController->missingAction('Create')
#1 C:\wamp\www\yii\framework\web\CWebApplication.php(282): CController->run('Create')
#2 C:\wamp\www\yii\framework\web\CWebApplication.php(141): CWebApplication->runController('persons/Create')
#3 C:\wamp\www\yii\framework\base\CApplication.php(184): CWebApplication->processRequest()
#4 C:\wamp\www\yiicrud\index.php(13): CApplication->run()
#5 {main}
REQUEST_URI=/yiicrud/index.php?r=persons/Create
---
2015/11/13 10:27:32 [error] [exception.CHttpException.404] exception 'CHttpException' with message 'The system is unable to find the requested action "update".' in C:\wamp\www\yii\framework\web\CController.php:483
Stack trace:
#0 C:\wamp\www\yii\framework\web\CController.php(270): CController->missingAction('update')
#1 C:\wamp\www\yii\framework\web\CWebApplication.php(282): CController->run('update')
#2 C:\wamp\www\yii\framework\web\CWebApplication.php(141): CWebApplication->runController('persons/update')
#3 C:\wamp\www\yii\framework\base\CApplication.php(184): CWebApplication->processRequest()
#4 C:\wamp\www\yiicrud\index.php(13): CApplication->run()
#5 {main}
REQUEST_URI=/yiicrud/index.php?r=persons/update
---
2015/11/13 10:30:12 [error] [exception.CHttpException.404] exception 'CHttpException' with message 'The system is unable to find the requested action "create".' in C:\wamp\www\yii\framework\web\CController.php:483
Stack trace:
#0 C:\wamp\www\yii\framework\web\CController.php(270): CController->missingAction('create')
#1 C:\wamp\www\yii\framework\web\CWebApplication.php(282): CController->run('create')
#2 C:\wamp\www\yii\framework\web\CWebApplication.php(141): CWebApplication->runController('persons/create')
#3 C:\wamp\www\yii\framework\base\CApplication.php(184): CWebApplication->processRequest()
#4 C:\wamp\www\yiicrud\index.php(13): CApplication->run()
#5 {main}
REQUEST_URI=/yiicrud/index.php?r=persons/create
---
2015/11/13 10:30:13 [error] [exception.CHttpException.404] exception 'CHttpException' with message 'The system is unable to find the requested action "create".' in C:\wamp\www\yii\framework\web\CController.php:483
Stack trace:
#0 C:\wamp\www\yii\framework\web\CController.php(270): CController->missingAction('create')
#1 C:\wamp\www\yii\framework\web\CWebApplication.php(282): CController->run('create')
#2 C:\wamp\www\yii\framework\web\CWebApplication.php(141): CWebApplication->runController('persons/create')
#3 C:\wamp\www\yii\framework\base\CApplication.php(184): CWebApplication->processRequest()
#4 C:\wamp\www\yiicrud\index.php(13): CApplication->run()
#5 {main}
REQUEST_URI=/yiicrud/index.php?r=persons/create&id=1
---
2015/11/13 10:44:01 [error] [exception.CHttpException.404] exception 'CHttpException' with message 'The system is unable to find the requested action "persons".' in C:\wamp\www\yii\framework\web\CController.php:483
Stack trace:
#0 C:\wamp\www\yii\framework\web\CController.php(270): CController->missingAction('persons')
#1 C:\wamp\www\yii\framework\web\CWebApplication.php(282): CController->run('persons')
#2 C:\wamp\www\yii\framework\web\CWebApplication.php(141): CWebApplication->runController('site/persons')
#3 C:\wamp\www\yii\framework\base\CApplication.php(184): CWebApplication->processRequest()
#4 C:\wamp\www\yiicrud\index.php(13): CApplication->run()
#5 {main}
REQUEST_URI=/yiicrud/index.php?r=site/persons
HTTP_REFERER=http://localhost:8080/yiicrud/index.php?r=site/page&view=about
---
2015/11/13 10:44:02 [error] [exception.CHttpException.404] exception 'CHttpException' with message 'The system is unable to find the requested action "persons".' in C:\wamp\www\yii\framework\web\CController.php:483
Stack trace:
#0 C:\wamp\www\yii\framework\web\CController.php(270): CController->missingAction('persons')
#1 C:\wamp\www\yii\framework\web\CWebApplication.php(282): CController->run('persons')
#2 C:\wamp\www\yii\framework\web\CWebApplication.php(141): CWebApplication->runController('site/persons')
#3 C:\wamp\www\yii\framework\base\CApplication.php(184): CWebApplication->processRequest()
#4 C:\wamp\www\yiicrud\index.php(13): CApplication->run()
#5 {main}
REQUEST_URI=/yiicrud/index.php?r=site/persons
HTTP_REFERER=http://localhost:8080/yiicrud/index.php?r=site/persons
---
2015/11/13 10:44:02 [error] [exception.CHttpException.404] exception 'CHttpException' with message 'The system is unable to find the requested action "persons".' in C:\wamp\www\yii\framework\web\CController.php:483
Stack trace:
#0 C:\wamp\www\yii\framework\web\CController.php(270): CController->missingAction('persons')
#1 C:\wamp\www\yii\framework\web\CWebApplication.php(282): CController->run('persons')
#2 C:\wamp\www\yii\framework\web\CWebApplication.php(141): CWebApplication->runController('site/persons')
#3 C:\wamp\www\yii\framework\base\CApplication.php(184): CWebApplication->processRequest()
#4 C:\wamp\www\yiicrud\index.php(13): CApplication->run()
#5 {main}
REQUEST_URI=/yiicrud/index.php?r=site/persons
HTTP_REFERER=http://localhost:8080/yiicrud/index.php?r=site/persons
---
2015/11/13 10:44:12 [error] [exception.CHttpException.404] exception 'CHttpException' with message 'The system is unable to find the requested action "persons".' in C:\wamp\www\yii\framework\web\CController.php:483
Stack trace:
#0 C:\wamp\www\yii\framework\web\CController.php(270): CController->missingAction('persons')
#1 C:\wamp\www\yii\framework\web\CWebApplication.php(282): CController->run('persons')
#2 C:\wamp\www\yii\framework\web\CWebApplication.php(141): CWebApplication->runController('site/persons')
#3 C:\wamp\www\yii\framework\base\CApplication.php(184): CWebApplication->processRequest()
#4 C:\wamp\www\yiicrud\index.php(13): CApplication->run()
#5 {main}
REQUEST_URI=/yiicrud/index.php?r=site/persons
HTTP_REFERER=http://localhost:8080/yiicrud/index.php?r=site/persons
---
2015/11/13 10:44:13 [error] [exception.CHttpException.404] exception 'CHttpException' with message 'The system is unable to find the requested action "persons".' in C:\wamp\www\yii\framework\web\CController.php:483
Stack trace:
#0 C:\wamp\www\yii\framework\web\CController.php(270): CController->missingAction('persons')
#1 C:\wamp\www\yii\framework\web\CWebApplication.php(282): CController->run('persons')
#2 C:\wamp\www\yii\framework\web\CWebApplication.php(141): CWebApplication->runController('site/persons')
#3 C:\wamp\www\yii\framework\base\CApplication.php(184): CWebApplication->processRequest()
#4 C:\wamp\www\yiicrud\index.php(13): CApplication->run()
#5 {main}
REQUEST_URI=/yiicrud/index.php?r=site/persons
HTTP_REFERER=http://localhost:8080/yiicrud/index.php?r=site/persons
---
2015/11/13 10:44:14 [error] [exception.CHttpException.404] exception 'CHttpException' with message 'The system is unable to find the requested action "persons".' in C:\wamp\www\yii\framework\web\CController.php:483
Stack trace:
#0 C:\wamp\www\yii\framework\web\CController.php(270): CController->missingAction('persons')
#1 C:\wamp\www\yii\framework\web\CWebApplication.php(282): CController->run('persons')
#2 C:\wamp\www\yii\framework\web\CWebApplication.php(141): CWebApplication->runController('site/persons')
#3 C:\wamp\www\yii\framework\base\CApplication.php(184): CWebApplication->processRequest()
#4 C:\wamp\www\yiicrud\index.php(13): CApplication->run()
#5 {main}
REQUEST_URI=/yiicrud/index.php?r=site/persons
HTTP_REFERER=http://localhost:8080/yiicrud/index.php?r=site/persons
---
2015/11/13 10:44:14 [error] [exception.CHttpException.404] exception 'CHttpException' with message 'The system is unable to find the requested action "persons".' in C:\wamp\www\yii\framework\web\CController.php:483
Stack trace:
#0 C:\wamp\www\yii\framework\web\CController.php(270): CController->missingAction('persons')
#1 C:\wamp\www\yii\framework\web\CWebApplication.php(282): CController->run('persons')
#2 C:\wamp\www\yii\framework\web\CWebApplication.php(141): CWebApplication->runController('site/persons')
#3 C:\wamp\www\yii\framework\base\CApplication.php(184): CWebApplication->processRequest()
#4 C:\wamp\www\yiicrud\index.php(13): CApplication->run()
#5 {main}
REQUEST_URI=/yiicrud/index.php?r=site/persons
HTTP_REFERER=http://localhost:8080/yiicrud/index.php?r=site/persons
---
2015/11/13 10:44:14 [error] [exception.CHttpException.404] exception 'CHttpException' with message 'The system is unable to find the requested action "persons".' in C:\wamp\www\yii\framework\web\CController.php:483
Stack trace:
#0 C:\wamp\www\yii\framework\web\CController.php(270): CController->missingAction('persons')
#1 C:\wamp\www\yii\framework\web\CWebApplication.php(282): CController->run('persons')
#2 C:\wamp\www\yii\framework\web\CWebApplication.php(141): CWebApplication->runController('site/persons')
#3 C:\wamp\www\yii\framework\base\CApplication.php(184): CWebApplication->processRequest()
#4 C:\wamp\www\yiicrud\index.php(13): CApplication->run()
#5 {main}
REQUEST_URI=/yiicrud/index.php?r=site/persons
HTTP_REFERER=http://localhost:8080/yiicrud/index.php?r=site/persons
---
2015/11/13 10:44:14 [error] [exception.CHttpException.404] exception 'CHttpException' with message 'The system is unable to find the requested action "persons".' in C:\wamp\www\yii\framework\web\CController.php:483
Stack trace:
#0 C:\wamp\www\yii\framework\web\CController.php(270): CController->missingAction('persons')
#1 C:\wamp\www\yii\framework\web\CWebApplication.php(282): CController->run('persons')
#2 C:\wamp\www\yii\framework\web\CWebApplication.php(141): CWebApplication->runController('site/persons')
#3 C:\wamp\www\yii\framework\base\CApplication.php(184): CWebApplication->processRequest()
#4 C:\wamp\www\yiicrud\index.php(13): CApplication->run()
#5 {main}
REQUEST_URI=/yiicrud/index.php?r=site/persons
HTTP_REFERER=http://localhost:8080/yiicrud/index.php?r=site/persons
---
2015/11/13 10:44:14 [error] [exception.CHttpException.404] exception 'CHttpException' with message 'The system is unable to find the requested action "persons".' in C:\wamp\www\yii\framework\web\CController.php:483
Stack trace:
#0 C:\wamp\www\yii\framework\web\CController.php(270): CController->missingAction('persons')
#1 C:\wamp\www\yii\framework\web\CWebApplication.php(282): CController->run('persons')
#2 C:\wamp\www\yii\framework\web\CWebApplication.php(141): CWebApplication->runController('site/persons')
#3 C:\wamp\www\yii\framework\base\CApplication.php(184): CWebApplication->processRequest()
#4 C:\wamp\www\yiicrud\index.php(13): CApplication->run()
#5 {main}
REQUEST_URI=/yiicrud/index.php?r=site/persons
HTTP_REFERER=http://localhost:8080/yiicrud/index.php?r=site/persons
---
2015/11/13 10:44:15 [error] [exception.CHttpException.404] exception 'CHttpException' with message 'The system is unable to find the requested action "persons".' in C:\wamp\www\yii\framework\web\CController.php:483
Stack trace:
#0 C:\wamp\www\yii\framework\web\CController.php(270): CController->missingAction('persons')
#1 C:\wamp\www\yii\framework\web\CWebApplication.php(282): CController->run('persons')
#2 C:\wamp\www\yii\framework\web\CWebApplication.php(141): CWebApplication->runController('site/persons')
#3 C:\wamp\www\yii\framework\base\CApplication.php(184): CWebApplication->processRequest()
#4 C:\wamp\www\yiicrud\index.php(13): CApplication->run()
#5 {main}
REQUEST_URI=/yiicrud/index.php?r=site/persons
HTTP_REFERER=http://localhost:8080/yiicrud/index.php?r=site/persons
---
2015/11/13 10:44:15 [error] [exception.CHttpException.404] exception 'CHttpException' with message 'The system is unable to find the requested action "persons".' in C:\wamp\www\yii\framework\web\CController.php:483
Stack trace:
#0 C:\wamp\www\yii\framework\web\CController.php(270): CController->missingAction('persons')
#1 C:\wamp\www\yii\framework\web\CWebApplication.php(282): CController->run('persons')
#2 C:\wamp\www\yii\framework\web\CWebApplication.php(141): CWebApplication->runController('site/persons')
#3 C:\wamp\www\yii\framework\base\CApplication.php(184): CWebApplication->processRequest()
#4 C:\wamp\www\yiicrud\index.php(13): CApplication->run()
#5 {main}
REQUEST_URI=/yiicrud/index.php?r=site/persons
HTTP_REFERER=http://localhost:8080/yiicrud/index.php?r=site/persons
---
2015/11/13 10:44:18 [error] [exception.CHttpException.404] exception 'CHttpException' with message 'The system is unable to find the requested action "persons".' in C:\wamp\www\yii\framework\web\CController.php:483
Stack trace:
#0 C:\wamp\www\yii\framework\web\CController.php(270): CController->missingAction('persons')
#1 C:\wamp\www\yii\framework\web\CWebApplication.php(282): CController->run('persons')
#2 C:\wamp\www\yii\framework\web\CWebApplication.php(141): CWebApplication->runController('site/persons')
#3 C:\wamp\www\yii\framework\base\CApplication.php(184): CWebApplication->processRequest()
#4 C:\wamp\www\yiicrud\index.php(13): CApplication->run()
#5 {main}
REQUEST_URI=/yiicrud/index.php?r=site/persons
HTTP_REFERER=http://localhost:8080/yiicrud/index.php?r=site/persons
---
2015/11/13 10:44:18 [error] [exception.CHttpException.404] exception 'CHttpException' with message 'The system is unable to find the requested action "persons".' in C:\wamp\www\yii\framework\web\CController.php:483
Stack trace:
#0 C:\wamp\www\yii\framework\web\CController.php(270): CController->missingAction('persons')
#1 C:\wamp\www\yii\framework\web\CWebApplication.php(282): CController->run('persons')
#2 C:\wamp\www\yii\framework\web\CWebApplication.php(141): CWebApplication->runController('site/persons')
#3 C:\wamp\www\yii\framework\base\CApplication.php(184): CWebApplication->processRequest()
#4 C:\wamp\www\yiicrud\index.php(13): CApplication->run()
#5 {main}
REQUEST_URI=/yiicrud/index.php?r=site/persons
HTTP_REFERER=http://localhost:8080/yiicrud/index.php?r=site/persons
---
2015/11/13 10:44:18 [error] [exception.CHttpException.404] exception 'CHttpException' with message 'The system is unable to find the requested action "persons".' in C:\wamp\www\yii\framework\web\CController.php:483
Stack trace:
#0 C:\wamp\www\yii\framework\web\CController.php(270): CController->missingAction('persons')
#1 C:\wamp\www\yii\framework\web\CWebApplication.php(282): CController->run('persons')
#2 C:\wamp\www\yii\framework\web\CWebApplication.php(141): CWebApplication->runController('site/persons')
#3 C:\wamp\www\yii\framework\base\CApplication.php(184): CWebApplication->processRequest()
#4 C:\wamp\www\yiicrud\index.php(13): CApplication->run()
#5 {main}
REQUEST_URI=/yiicrud/index.php?r=site/persons
HTTP_REFERER=http://localhost:8080/yiicrud/index.php?r=site/persons
---
2015/11/13 10:44:19 [error] [exception.CHttpException.404] exception 'CHttpException' with message 'The system is unable to find the requested action "persons".' in C:\wamp\www\yii\framework\web\CController.php:483
Stack trace:
#0 C:\wamp\www\yii\framework\web\CController.php(270): CController->missingAction('persons')
#1 C:\wamp\www\yii\framework\web\CWebApplication.php(282): CController->run('persons')
#2 C:\wamp\www\yii\framework\web\CWebApplication.php(141): CWebApplication->runController('site/persons')
#3 C:\wamp\www\yii\framework\base\CApplication.php(184): CWebApplication->processRequest()
#4 C:\wamp\www\yiicrud\index.php(13): CApplication->run()
#5 {main}
REQUEST_URI=/yiicrud/index.php?r=site/persons
HTTP_REFERER=http://localhost:8080/yiicrud/index.php?r=site/persons
---
2015/11/13 10:44:20 [error] [exception.CHttpException.404] exception 'CHttpException' with message 'The system is unable to find the requested action "persons".' in C:\wamp\www\yii\framework\web\CController.php:483
Stack trace:
#0 C:\wamp\www\yii\framework\web\CController.php(270): CController->missingAction('persons')
#1 C:\wamp\www\yii\framework\web\CWebApplication.php(282): CController->run('persons')
#2 C:\wamp\www\yii\framework\web\CWebApplication.php(141): CWebApplication->runController('site/persons')
#3 C:\wamp\www\yii\framework\base\CApplication.php(184): CWebApplication->processRequest()
#4 C:\wamp\www\yiicrud\index.php(13): CApplication->run()
#5 {main}
REQUEST_URI=/yiicrud/index.php?r=site/persons
HTTP_REFERER=http://localhost:8080/yiicrud/index.php?r=site/persons
---
